Release 14.7 Map P_INT.20180726 (nt64)
Xilinx Mapping Report File for Design 'GAUNTLET_TOP'

Design Information
------------------
Command Line   : map -intstyle ise -p xc6slx45-csg324-3 -w -logic_opt off -ol
high -t 1 -xt 0 -register_duplication off -r 4 -global_opt off -mt 2 -ir off -pr
off -lc off -power off -o GAUNTLET_TOP_map.ncd GAUNTLET_TOP.ngd GAUNTLET_TOP.pcf
 
Target Device  : xc6slx45
Target Package : csg324
Target Speed   : -3
Mapper Version : spartan6 -- $Revision: 1.55 $
Mapped Date    : Wed Apr 08 11:06:58 2020

Design Summary
--------------
Number of errors:      0
Number of warnings:    1
Slice Logic Utilization:
  Number of Slice Registers:                 3,539 out of  54,576    6%
    Number used as Flip Flops:               3,507
    Number used as Latches:                      0
    Number used as Latch-thrus:                  0
    Number used as AND/OR logics:               32
  Number of Slice LUTs:                      7,853 out of  27,288   28%
    Number used as logic:                    7,585 out of  27,288   27%
      Number using O6 output only:           6,174
      Number using O5 output only:             165
      Number using O5 and O6:                1,246
      Number used as ROM:                        0
    Number used as Memory:                     214 out of   6,408    3%
      Number used as Dual Port RAM:             38
        Number using O6 output only:             6
        Number using O5 output only:             6
        Number using O5 and O6:                 26
      Number used as Single Port RAM:            4
        Number using O6 output only:             0
        Number using O5 output only:             1
        Number using O5 and O6:                  3
      Number used as Shift Register:           172
        Number using O6 output only:           111
        Number using O5 output only:             0
        Number using O5 and O6:                 61
    Number used exclusively as route-thrus:     54
      Number with same-slice register load:     32
      Number with same-slice carry load:        21
      Number with other load:                    1

Slice Logic Distribution:
  Number of occupied Slices:                 2,668 out of   6,822   39%
  Number of MUXCYs used:                     1,344 out of  13,644    9%
  Number of LUT Flip Flop pairs used:        8,368
    Number with an unused Flip Flop:         5,128 out of   8,368   61%
    Number with an unused LUT:                 515 out of   8,368    6%
    Number of fully used LUT-FF pairs:       2,725 out of   8,368   32%
    Number of unique control sets:             161
    Number of slice register sites lost
      to control set restrictions:             461 out of  54,576    1%

  A LUT Flip Flop pair for this architecture represents one LUT paired with
  one Flip Flop within a slice.  A control set is a unique combination of
  clock, reset, set, and enable signals for a registered element.
  The Slice Logic Distribution report is not meaningful if the design is
  over-mapped for a non-slice resource or if Placement fails.

IO Utilization:
  Number of bonded IOBs:                        74 out of     218   33%
    Number of LOCed IOBs:                       73 out of      74   98%
    IOB Flip Flops:                              6
    IOB Master Pads:                             4
    IOB Slave Pads:                              4

Specific Feature Utilization:
  Number of RAMB16BWERs:                        45 out of     116   38%
  Number of RAMB8BWERs:                          3 out of     232    1%
  Number of BUFIO2/BUFIO2_2CLKs:                 1 out of      32    3%
    Number used as BUFIO2s:                      1
    Number used as BUFIO2_2CLKs:                 0
  Number of BUFIO2FB/BUFIO2FB_2CLKs:             0 out of      32    0%
  Number of BUFG/BUFGMUXs:                       6 out of      16   37%
    Number used as BUFGs:                        6
    Number used as BUFGMUX:                      0
  Number of DCM/DCM_CLKGENs:                     0 out of       8    0%
  Number of ILOGIC2/ISERDES2s:                   0 out of     376    0%
  Number of IODELAY2/IODRP2/IODRP2_MCBs:         0 out of     376    0%
  Number of OLOGIC2/OSERDES2s:                   6 out of     376    1%
    Number used as OLOGIC2s:                     6
    Number used as OSERDES2s:                    0
  Number of BSCANs:                              0 out of       4    0%
  Number of BUFHs:                               0 out of     256    0%
  Number of BUFPLLs:                             0 out of       8    0%
  Number of BUFPLL_MCBs:                         0 out of       4    0%
  Number of DSP48A1s:                            3 out of      58    5%
  Number of ICAPs:                               0 out of       1    0%
  Number of MCBs:                                0 out of       2    0%
  Number of PCILOGICSEs:                         0 out of       2    0%
  Number of PLL_ADVs:                            1 out of       4   25%
  Number of PMVs:                                0 out of       1    0%
  Number of STARTUPs:                            0 out of       1    0%
  Number of SUSPEND_SYNCs:                       0 out of       1    0%

Average Fanout of Non-Clock Nets:                4.40

Peak Memory Usage:  4789 MB
Total REAL time to MAP completion:  2 mins 4 secs 
Total CPU time to MAP completion (all processors):   2 mins 7 secs 

Table of Contents
-----------------
Section 1 - Errors
Section 2 - Warnings
Section 3 - Informational
Section 4 - Removed Logic Summary
Section 5 - Removed Logic
Section 6 - IOB Properties
Section 7 - RPMs
Section 8 - Guide Report
Section 9 - Area Group and Partition Summary
Section 10 - Timing Report
Section 11 - Configuration String Information
Section 12 - Control Set Information
Section 13 - Utilization by Hierarchy

Section 1 - Errors
------------------

Section 2 - Warnings
--------------------
WARNING:PhysDesignRules:2410 - This design is using one or more 9K Block RAMs
   (RAMB8BWER).  9K Block RAM initialization data, both user defined and
   default, may be incorrect and should not be used.  For more information,
   please reference Xilinx Answer Record 39999.

Section 3 - Informational
-------------------------
INFO:Map:284 - Map is running with the multi-threading option on. Map currently
   supports the use of up to 2 processors. Based on the the user options and
   machine load, Map will use 2 processors during this run.
INFO:MapLib:562 - No environment variables are currently set.
INFO:MapLib:841 - Changing COMPENSATION attribute from SYSTEM_SYNCHRONOUS to
   INTERNAL for PLL_ADV u_clks/gen_pll.PLL_BASE_inst/PLL_ADV.
INFO:Pack:1716 - Initializing temperature to 85.000 Celsius. (default - Range:
   0.000 to 85.000 Celsius)
INFO:Pack:1720 - Initializing voltage to 1.140 Volts. (default - Range: 1.140 to
   1.260 Volts)
INFO:Timing:3386 - Intersecting Constraints found and resolved.  For more information, see the TSI report.  Please consult the Xilinx
   Command Line Tools User Guide for information on generating a TSI report.
INFO:Map:215 - The Interim Design Summary has been generated in the MAP Report
   (.mrp).
INFO:Place:834 - Only a subset of IOs are locked. Out of 74 IOs, 73 are locked
   and 1 are not locked. If you would like to print the names of these IOs,
   please set the environment variable XIL_PAR_DESIGN_CHECK_VERBOSE to 1. 
INFO:Pack:1650 - Map created a placed design.

Section 4 - Removed Logic Summary
---------------------------------
   3 block(s) removed
   9 block(s) optimized away
   2 signal(s) removed

Section 5 - Removed Logic
-------------------------

The trimmed logic report below shows the logic removed from your design due to
sourceless or loadless signals, and VCC or ground connections.  If the removal
of a signal or symbol results in the subsequent removal of an additional signal
or symbol, the message explaining that second removal will be indented.  This
indentation will be repeated as a chain of related logic is removed.

To quickly locate the original cause for the removal of a chain of logic, look
above the place where that logic is listed in the trimming report, then locate
the lines that are least indented (begin at the leftmost edge).

Loadless block
"u_gauntlet/u_audio/u_15R/u_pg/Mmux_dt2_I[1]_BUS_0006_wide_mux_22_OUT3_rs13"
(ROM) removed.

The trimmed logic reported below is either:
   1. part of a cycle
   2. part of disabled logic
   3. a side-effect of other trimmed logic

The signal "Q_8" is unused and has been removed.
 Unused block "u_dacr/SigmaLatch_q<9>_inv1_INV_0" (BUF) removed.
The signal "Q_81" is unused and has been removed.
 Unused block "u_dacl/SigmaLatch_q<9>_inv1_INV_0" (BUF) removed.

Optimized Block(s):
TYPE 		BLOCK
GND 		XST_GND
VCC 		XST_VCC
LUT3 		u_gauntlet/u_audio/u_15R/u_pg/Mmux_dt2_I[1]_BUS_0006_wide_mux_22_OUT3_rs1
   optimized to 0
LUT3
		u_gauntlet/u_audio/u_15R/u_pg/Mmux_dt2_I[1]_BUS_0006_wide_mux_22_OUT3_rs10
   optimized to 0
LUT3
		u_gauntlet/u_audio/u_15R/u_pg/Mmux_dt2_I[1]_BUS_0006_wide_mux_22_OUT3_rs11
   optimized to 0
LUT3
		u_gauntlet/u_audio/u_15R/u_pg/Mmux_dt2_I[1]_BUS_0006_wide_mux_22_OUT3_rs12
   optimized to 0
LUT3 		u_gauntlet/u_audio/u_15R/u_pg/Mmux_dt2_I[1]_BUS_0006_wide_mux_22_OUT3_rs3
   optimized to 0
LUT3 		u_gauntlet/u_audio/u_15R/u_pg/Mmux_dt2_I[1]_BUS_0006_wide_mux_22_OUT3_rs7
   optimized to 0
LUT3
		u_gauntlet/u_audio/u_15R/u_pg/Mmux_dt2_I[1]_BUS_0006_wide_mux_22_OUT3_rs_lut<0
>13
   optimized to 0

To enable printing of redundant blocks removed and signals merged, set the
detailed map report option and rerun map.

Section 6 - IOB Properties
--------------------------

+---------------------------------------------------------------------------------------------------------------------------------------------------------+
| IOB Name                           | Type             | Direction | IO Standard          | Diff  | Drive    | Slew | Reg (s)      | Resistor | IOB      |
|                                    |                  |           |                      | Term  | Strength | Rate |              |          | Delay    |
+---------------------------------------------------------------------------------------------------------------------------------------------------------+
| CLK_IN                             | IOB              | INPUT     | LVCMOS33             |       |          |      |              |          |          |
| FLASH_CSn                          | IOB              | OUTPUT    | LVCMOS33             |       | 8        | FAST |              |          |          |
| FLASH_HOLDn                        | IOB              | OUTPUT    | LVCMOS33             |       | 8        | FAST |              |          |          |
| FLASH_MISO                         | IOB              | INPUT     | LVCMOS33             |       |          |      |              | PULLUP   |          |
| FLASH_MOSI                         | IOB              | OUTPUT    | LVCMOS33             |       | 8        | FAST |              |          |          |
| FLASH_SCK                          | IOB              | OUTPUT    | LVCMOS33             |       | 8        | FAST | ODDR         |          |          |
| FLASH_WPn                          | IOB              | OUTPUT    | LVCMOS33             |       | 8        | FAST |              |          |          |
| FLASH_nCE                          | IOB              | OUTPUT    | LVCMOS33             |       | 8        | FAST |              |          |          |
| I_RESET                            | IOB              | INPUT     | LVCMOS33             |       |          |      |              | PULLDOWN |          |
| LEDS<1>                            | IOB              | OUTPUT    | LVCMOS33             |       | 8        | SLOW |              |          |          |
| LEDS<2>                            | IOB              | OUTPUT    | LVCMOS33             |       | 8        | SLOW |              |          |          |
| LEDS<3>                            | IOB              | OUTPUT    | LVCMOS33             |       | 8        | SLOW |              |          |          |
| LEDS<4>                            | IOB              | OUTPUT    | LVCMOS33             |       | 8        | SLOW |              |          |          |
| MEM_A<0>                           | IOB              | OUTPUT    | LVCMOS33             |       | 8        | FAST |              |          |          |
| MEM_A<1>                           | IOB              | OUTPUT    | LVCMOS33             |       | 8        | FAST |              |          |          |
| MEM_A<2>                           | IOB              | OUTPUT    | LVCMOS33             |       | 8        | FAST |              |          |          |
| MEM_A<3>                           | IOB              | OUTPUT    | LVCMOS33             |       | 8        | FAST |              |          |          |
| MEM_A<4>                           | IOB              | OUTPUT    | LVCMOS33             |       | 8        | FAST |              |          |          |
| MEM_A<5>                           | IOB              | OUTPUT    | LVCMOS33             |       | 8        | FAST |              |          |          |
| MEM_A<6>                           | IOB              | OUTPUT    | LVCMOS33             |       | 8        | FAST |              |          |          |
| MEM_A<7>                           | IOB              | OUTPUT    | LVCMOS33             |       | 8        | FAST |              |          |          |
| MEM_A<8>                           | IOB              | OUTPUT    | LVCMOS33             |       | 8        | FAST |              |          |          |
| MEM_A<9>                           | IOB              | OUTPUT    | LVCMOS33             |       | 8        | FAST |              |          |          |
| MEM_A<10>                          | IOB              | OUTPUT    | LVCMOS33             |       | 8        | FAST |              |          |          |
| MEM_A<11>                          | IOB              | OUTPUT    | LVCMOS33             |       | 8        | FAST |              |          |          |
| MEM_A<12>                          | IOB              | OUTPUT    | LVCMOS33             |       | 8        | FAST |              |          |          |
| MEM_A<13>                          | IOB              | OUTPUT    | LVCMOS33             |       | 8        | FAST |              |          |          |
| MEM_A<14>                          | IOB              | OUTPUT    | LVCMOS33             |       | 8        | FAST |              |          |          |
| MEM_A<15>                          | IOB              | OUTPUT    | LVCMOS33             |       | 8        | FAST |              |          |          |
| MEM_A<16>                          | IOB              | OUTPUT    | LVCMOS33             |       | 8        | FAST |              |          |          |
| MEM_A<17>                          | IOB              | OUTPUT    | LVCMOS33             |       | 8        | FAST |              |          |          |
| MEM_A<18>                          | IOB              | OUTPUT    | LVCMOS33             |       | 8        | FAST |              |          |          |
| MEM_A<19>                          | IOB              | OUTPUT    | LVCMOS33             |       | 8        | FAST |              |          |          |
| MEM_A<20>                          | IOB              | OUTPUT    | LVCMOS33             |       | 8        | FAST |              |          |          |
| MEM_CK                             | IOB              | OUTPUT    | LVCMOS25             |       | 12       | SLOW | ODDR         |          |          |
| MEM_D<0>                           | IOB              | BIDIR     | LVCMOS33             |       | 8        | FAST |              | PULLUP   |          |
| MEM_D<1>                           | IOB              | BIDIR     | LVCMOS33             |       | 8        | FAST |              | PULLUP   |          |
| MEM_D<2>                           | IOB              | BIDIR     | LVCMOS33             |       | 8        | FAST |              | PULLUP   |          |
| MEM_D<3>                           | IOB              | BIDIR     | LVCMOS33             |       | 8        | FAST |              | PULLUP   |          |
| MEM_D<4>                           | IOB              | BIDIR     | LVCMOS33             |       | 8        | FAST |              | PULLUP   |          |
| MEM_D<5>                           | IOB              | BIDIR     | LVCMOS33             |       | 8        | FAST |              | PULLUP   |          |
| MEM_D<6>                           | IOB              | BIDIR     | LVCMOS33             |       | 8        | FAST |              | PULLUP   |          |
| MEM_D<7>                           | IOB              | BIDIR     | LVCMOS33             |       | 8        | FAST |              | PULLUP   |          |
| MEM_D<8>                           | IOB              | BIDIR     | LVCMOS33             |       | 8        | FAST |              | PULLUP   |          |
| MEM_D<9>                           | IOB              | BIDIR     | LVCMOS33             |       | 8        | FAST |              | PULLUP   |          |
| MEM_D<10>                          | IOB              | BIDIR     | LVCMOS33             |       | 8        | FAST |              | PULLUP   |          |
| MEM_D<11>                          | IOB              | BIDIR     | LVCMOS33             |       | 8        | FAST |              | PULLUP   |          |
| MEM_D<12>                          | IOB              | BIDIR     | LVCMOS33             |       | 8        | FAST |              | PULLUP   |          |
| MEM_D<13>                          | IOB              | BIDIR     | LVCMOS33             |       | 8        | FAST |              | PULLUP   |          |
| MEM_D<14>                          | IOB              | BIDIR     | LVCMOS33             |       | 8        | FAST |              | PULLUP   |          |
| MEM_D<15>                          | IOB              | BIDIR     | LVCMOS33             |       | 8        | FAST |              | PULLUP   |          |
| MEM_nBHE                           | IOB              | OUTPUT    | LVCMOS33             |       | 8        | FAST |              |          |          |
| MEM_nBLE                           | IOB              | OUTPUT    | LVCMOS33             |       | 8        | FAST |              |          |          |
| MEM_nOE                            | IOB              | OUTPUT    | LVCMOS33             |       | 8        | FAST |              |          |          |
| MEM_nWE                            | IOB              | OUTPUT    | LVCMOS33             |       | 8        | FAST |              |          |          |
| O_AUDIO_L                          | IOB              | OUTPUT    | LVCMOS33             |       | 8        | SLOW |              |          |          |
| O_AUDIO_R                          | IOB              | OUTPUT    | LVCMOS33             |       | 8        | SLOW |              |          |          |
| PMOD1_IO<1>                        | IOB              | INPUT     | LVCMOS33             |       |          |      |              | PULLUP   |          |
| PMOD1_IO<2>                        | IOB              | INPUT     | LVCMOS33             |       |          |      |              | PULLUP   |          |
| PMOD1_IO<3>                        | IOB              | INPUT     | LVCMOS33             |       |          |      |              | PULLUP   |          |
| PMOD1_IO<4>                        | IOB              | INPUT     | LVCMOS33             |       |          |      |              | PULLUP   |          |
| PMOD2_IO<1>                        | IOB              | INPUT     | LVCMOS33             |       |          |      |              | PULLUP   |          |
| PMOD2_IO<2>                        | IOB              | INPUT     | LVCMOS33             |       |          |      |              | PULLUP   |          |
| PMOD2_IO<3>                        | IOB              | INPUT     | LVCMOS33             |       |          |      |              | PULLUP   |          |
| PMOD2_IO<4>                        | IOB              | INPUT     | LVCMOS33             |       |          |      |              | PULLUP   |          |
| SRAM_nCS                           | IOB              | OUTPUT    | LVCMOS33             |       | 8        | FAST |              |          |          |
| TMDS_N<0>                          | IOBS             | OUTPUT    | TMDS_33              |       |          |      |              |          |          |
| TMDS_N<1>                          | IOBS             | OUTPUT    | TMDS_33              |       |          |      |              |          |          |
| TMDS_N<2>                          | IOBS             | OUTPUT    | TMDS_33              |       |          |      |              |          |          |
| TMDS_N<3>                          | IOBS             | OUTPUT    | TMDS_33              |       |          |      |              |          |          |
| TMDS_P<0>                          | IOBM             | OUTPUT    | TMDS_33              |       |          |      | ODDR         |          |          |
| TMDS_P<1>                          | IOBM             | OUTPUT    | TMDS_33              |       |          |      | ODDR         |          |          |
| TMDS_P<2>                          | IOBM             | OUTPUT    | TMDS_33              |       |          |      | ODDR         |          |          |
| TMDS_P<3>                          | IOBM             | OUTPUT    | TMDS_33              |       |          |      | ODDR         |          |          |
+---------------------------------------------------------------------------------------------------------------------------------------------------------+

Section 7 - RPMs
----------------

Section 8 - Guide Report
------------------------
Guide not run on this design.

Section 9 - Area Group and Partition Summary
--------------------------------------------

Partition Implementation Status
-------------------------------

  No Partitions were found in this design.

-------------------------------

Area Group Information
----------------------

  No area groups were found in this design.

----------------------

Section 10 - Timing Report
--------------------------
A logic-level (pre-route) timing report can be generated by using Xilinx static
timing analysis tools, Timing Analyzer (GUI) or TRCE (command line), with the
mapped NCD and PCF files. Please note that this timing report will be generated
using estimated delay information. For accurate numbers, please generate a
timing report with the post Place and Route NCD file.

For more information about the Timing Analyzer, consult the Xilinx Timing
Analyzer Reference Manual; for more information about TRCE, consult the Xilinx
Command Line Tools User Guide "TRACE" chapter.

Section 11 - Configuration String Details
-----------------------------------------
Use the "-detail" map option to print out Configuration Strings

Section 12 - Control Set Information
------------------------------------
Use the "-detail" map option to print out Control Set Information.

Section 13 - Utilization by Hierarchy
-------------------------------------
Use the "-detail" map option to print out the Utilization by Hierarchy section.
